<?xml version="1.0" encoding="UTF-8"?>
<testng-results ignored="1" total="2" passed="1" failed="0" skipped="0">
  <reporter-output>
  </reporter-output>
  <suite started-at="2023-09-06T01:08:47 IST" name="Default suite" finished-at="2023-09-06T01:09:00 IST" duration-ms="12838">
    <groups>
    </groups>
    <test started-at="2023-09-06T01:08:47 IST" name="Default test" finished-at="2023-09-06T01:09:00 IST" duration-ms="12838">
      <class name="allTest.tests">
        <test-method is-config="true" signature="setup()[pri:0, instance:allTest.tests@2a798d51]" started-at="2023-09-06T01:08:48 IST" name="setup" finished-at="2023-09-06T01:08:51 IST" duration-ms="3124" status="PASS">
          <reporter-output>
          </reporter-output>
        </test-method> <!-- setup -->
        <test-method signature="testing2()[pri:1, instance:allTest.tests@2a798d51]" started-at="2023-09-06T01:08:51 IST" name="testing2" finished-at="2023-09-06T01:09:00 IST" duration-ms="9623" status="PASS">
          <reporter-output>
          </reporter-output>
        </test-method> <!-- testing2 -->
      </class> <!-- allTest.tests -->
    </test> <!-- Default test -->
  </suite> <!-- Default suite -->
</testng-results>
